# JRE version: OpenJDK Runtime Environment (17.0.6) (build 17.0.6+0-b2043.56-10027231)
# Java VM: OpenJDK 64-Bit Server VM (17.0.6+0-b2043.56-10027231, mixed mode, tiered, compressed oops, compressed class ptrs, g1 gc, windows-amd64)
GC Precious Log:
 CPUs: 4 total, 4 available
 Memory: 6023M
 Large Page Support: Disabled
 NUMA Support: Disabled
 Compressed Oops: Enabled (32-bit)
 Heap Region Size: 1M
 Heap Min Capacity: 8M
 Heap Initial Capacity: 96M
 Heap Max Capacity: 2G
 Pre-touch: Disabled
 Parallel Workers: 4
 Concurrent Workers: 1
 Concurrent Refinement Workers: 4
 Periodic GC: Disabled
Heap:
 garbage-first heap   total 137216K, used 85461K [0x0000000080000000, 0x0000000100000000)
  region size 1024K, 1 young (1024K), 1 survivors (1024K)
 Metaspace       used 68693K, committed 69376K, reserved 1114112K
  class space    used 9200K, committed 9536K, reserved 1048576K
GC Heap History (20 events):
Event: 30.240 GC heap after
{Heap after GC invocations=26 (full 0):
 garbage-first heap   total 116736K, used 67060K [0x0000000080000000, 0x0000000100000000)
  region size 1024K, 2 young (2048K), 2 survivors (2048K)
 Metaspace       used 49740K, committed 50240K, reserved 1097728K
  class space    used 6514K, committed 6720K, reserved 1048576K
}
Event: 30.947 GC heap before
{Heap before GC invocations=26 (full 0):
 garbage-first heap   total 116736K, used 90612K [0x0000000080000000, 0x0000000100000000)
  region size 1024K, 25 young (25600K), 2 survivors (2048K)
 Metaspace       used 52044K, committed 52608K, reserved 1097728K
  class space    used 6912K, committed 7168K, reserved 1048576K
}
Event: 30.956 GC heap after
{Heap after GC invocations=27 (full 0):
 garbage-first heap   total 116736K, used 68541K [0x0000000080000000, 0x0000000100000000)
  region size 1024K, 4 young (4096K), 4 survivors (4096K)
 Metaspace       used 52044K, committed 52608K, reserved 1097728K
  class space    used 6912K, committed 7168K, reserved 1048576K
}
Event: 31.876 GC heap before
{Heap before GC invocations=28 (full 0):
 garbage-first heap   total 121856K, used 92093K [0x0000000080000000, 0x0000000100000000)
  region size 1024K, 27 young (27648K), 4 survivors (4096K)
 Metaspace       used 55128K, committed 55680K, reserved 1097728K
  class space    used 7418K, committed 7680K, reserved 1048576K
}
Event: 31.886 GC heap after
{Heap after GC invocations=29 (full 0):
 garbage-first heap   total 121856K, used 70489K [0x0000000080000000, 0x0000000100000000)
  region size 1024K, 4 young (4096K), 4 survivors (4096K)
 Metaspace       used 55128K, committed 55680K, reserved 1097728K
  class space    used 7418K, committed 7680K, reserved 1048576K
}
Event: 31.930 GC heap before
{Heap before GC invocations=29 (full 0):
 garbage-first heap   total 121856K, used 71513K [0x0000000080000000, 0x0000000100000000)
  region size 1024K, 5 young (5120K), 4 survivors (4096K)
 Metaspace       used 55263K, committed 55872K, reserved 1097728K
  class space    used 7437K, committed 7680K, reserved 1048576K
}
Event: 31.937 GC heap after
{Heap after GC invocations=30 (full 0):
 garbage-first heap   total 121856K, used 70899K [0x0000000080000000, 0x0000000100000000)
  region size 1024K, 1 young (1024K), 1 survivors (1024K)
 Metaspace       used 55263K, committed 55872K, reserved 1097728K
  class space    used 7437K, committed 7680K, reserved 1048576K
}
Event: 34.449 GC heap before
{Heap before GC invocations=30 (full 0):
 garbage-first heap   total 121856K, used 98547K [0x0000000080000000, 0x0000000100000000)
  region size 1024K, 28 young (28672K), 1 survivors (1024K)
 Metaspace       used 58025K, committed 58688K, reserved 1105920K
  class space    used 7850K, committed 8128K, reserved 1048576K
}
Event: 34.457 GC heap after
{Heap after GC invocations=31 (full 0):
 garbage-first heap   total 121856K, used 72808K [0x0000000080000000, 0x0000000100000000)
  region size 1024K, 3 young (3072K), 3 survivors (3072K)
 Metaspace       used 58025K, committed 58688K, reserved 1105920K
  class space    used 7850K, committed 8128K, reserved 1048576K
}
Event: 37.329 GC heap before
{Heap before GC invocations=32 (full 0):
 garbage-first heap   total 124928K, used 97384K [0x0000000080000000, 0x0000000100000000)
  region size 1024K, 28 young (28672K), 3 survivors (3072K)
 Metaspace       used 59657K, committed 60288K, reserved 1105920K
  class space    used 8046K, committed 8320K, reserved 1048576K
}
Event: 37.339 GC heap after
{Heap after GC invocations=33 (full 0):
 garbage-first heap   total 124928K, used 74781K [0x0000000080000000, 0x0000000100000000)
  region size 1024K, 3 young (3072K), 3 survivors (3072K)
 Metaspace       used 59657K, committed 60288K, reserved 1105920K
  class space    used 8046K, committed 8320K, reserved 1048576K
}
Event: 37.494 GC heap before
{Heap before GC invocations=33 (full 0):
 garbage-first heap   total 124928K, used 76829K [0x0000000080000000, 0x0000000100000000)
  region size 1024K, 6 young (6144K), 3 survivors (3072K)
 Metaspace       used 60063K, committed 60672K, reserved 1105920K
  class space    used 8102K, committed 8384K, reserved 1048576K
}
Event: 37.502 GC heap after
{Heap after GC invocations=34 (full 0):
 garbage-first heap   total 124928K, used 74706K [0x0000000080000000, 0x0000000100000000)
  region size 1024K, 1 young (1024K), 1 survivors (1024K)
 Metaspace       used 60063K, committed 60672K, reserved 1105920K
  class space    used 8102K, committed 8384K, reserved 1048576K
}
Event: 39.131 GC heap before
{Heap before GC invocations=34 (full 0):
 garbage-first heap   total 124928K, used 99282K [0x0000000080000000, 0x0000000100000000)
  region size 1024K, 26 young (26624K), 1 survivors (1024K)
 Metaspace       used 63067K, committed 63744K, reserved 1105920K
  class space    used 8486K, committed 8768K, reserved 1048576K
}
Event: 39.138 GC heap after
{Heap after GC invocations=35 (full 0):
 garbage-first heap   total 124928K, used 76324K [0x0000000080000000, 0x0000000100000000)
  region size 1024K, 2 young (2048K), 2 survivors (2048K)
 Metaspace       used 63067K, committed 63744K, reserved 1105920K
  class space    used 8486K, committed 8768K, reserved 1048576K
}
Event: 41.012 GC heap before
{Heap before GC invocations=36 (full 0):
 garbage-first heap   total 137216K, used 104996K [0x0000000080000000, 0x0000000100000000)
  region size 1024K, 27 young (27648K), 2 survivors (2048K)
 Metaspace       used 65060K, committed 65664K, reserved 1114112K
  class space    used 8759K, committed 9024K, reserved 1048576K
}
Event: 41.018 GC heap after
{Heap after GC invocations=37 (full 0):
 garbage-first heap   total 137216K, used 84937K [0x0000000080000000, 0x0000000100000000)
  region size 1024K, 4 young (4096K), 4 survivors (4096K)
 Metaspace       used 65060K, committed 65664K, reserved 1114112K
  class space    used 8759K, committed 9024K, reserved 1048576K
}
Event: 41.268 GC heap before
{Heap before GC invocations=37 (full 0):
 garbage-first heap   total 137216K, used 86985K [0x0000000080000000, 0x0000000100000000)
  region size 1024K, 6 young (6144K), 4 survivors (4096K)
 Metaspace       used 65277K, committed 65920K, reserved 1114112K
  class space    used 8792K, committed 9088K, reserved 1048576K
}
Event: 41.273 GC heap after
{Heap after GC invocations=38 (full 0):
 garbage-first heap   total 137216K, used 84928K [0x0000000080000000, 0x0000000100000000)
  region size 1024K, 1 young (1024K), 1 survivors (1024K)
 Metaspace       used 65277K, committed 65920K, reserved 1114112K
  class space    used 8792K, committed 9088K, reserved 1048576K
}
Event: 42.604 GC heap before
{Heap before GC invocations=38 (full 0):
 garbage-first heap   total 137216K, used 109503K [0x0000000080000000, 0x0000000100000000)
  region size 1024K, 25 young (25600K), 1 survivors (1024K)
 Metaspace       used 68693K, committed 69376K, reserved 1114112K
  class space    used 9200K, committed 9536K, reserved 1048576K
}

